<?xml version="1.0" encoding="UTF-8"?>
<testsuite xmlns:xsi="http://www.w3.org/2001/XMLSchema-instance" xsi:noNamespaceSchemaLocation="https://maven.apache.org/surefire/maven-surefire-plugin/xsd/surefire-test-report.xsd" name="com.example.sitatesttask.service.FileProcessorServiceTest" time="3.192" tests="1" errors="1" skipped="0" failures="0">
  <properties>
[...]
</properties>
  <testcase name="testProcessFile" classname="com.example.sitatesttask.service.FileProcessorServiceTest" time="0.543">
    <error message="Error moving file to error directory" type="java.lang.RuntimeException">java.lang.RuntimeException: Error moving file to error directory
	at com.example.sitatesttask.service.FileProcessorServiceTest.testProcessFile(FileProcessorServiceTest.java:46)
Caused by: java.nio.file.NoSuchFileException: E:\SITA_TEST_TASK\IN\test.txt -> C:\SITA_TEST_TASK\ERROR\test.txt.ERROR
	at com.example.sitatesttask.service.FileProcessorServiceTest.testProcessFile(FileProcessorServiceTest.java:46)
</error>
    <system-out><![CDATA[00:15:53.686 [main] DEBUG org.springframework.test.context.BootstrapUtils - Instantiating CacheAwareContextLoaderDelegate from class [org.springframework.test.context.cache.DefaultCacheAwareContextLoaderDelegate]
00:15:53.717 [main] DEBUG org.springframework.test.context.BootstrapUtils - Instantiating BootstrapContext using constructor [public org.springframework.test.context.support.DefaultBootstrapContext(java.lang.Class,org.springframework.test.context.CacheAwareContextLoaderDelegate)]
00:15:53.796 [main] DEBUG org.springframework.test.context.BootstrapUtils - Instantiating TestContextBootstrapper for test class [com.example.sitatesttask.service.FileProcessorServiceTest] from class [org.springframework.boot.test.context.SpringBootTestContextBootstrapper]
00:15:53.837 [main] INFO org.springframework.boot.test.context.SpringBootTestContextBootstrapper - Neither @ContextConfiguration nor @ContextHierarchy found for test class [com.example.sitatesttask.service.FileProcessorServiceTest], using SpringBootContextLoader
00:15:53.843 [main] DEBUG org.springframework.test.context.support.AbstractContextLoader - Did not detect default resource location for test class [com.example.sitatesttask.service.FileProcessorServiceTest]: class path resource [com/example/sitatesttask/service/FileProcessorServiceTest-context.xml] does not exist
00:15:53.843 [main] DEBUG org.springframework.test.context.support.AbstractContextLoader - Did not detect default resource location for test class [com.example.sitatesttask.service.FileProcessorServiceTest]: class path resource [com/example/sitatesttask/service/FileProcessorServiceTestContext.groovy] does not exist
00:15:53.843 [main] INFO org.springframework.test.context.support.AbstractContextLoader - Could not detect default resource locations for test class [com.example.sitatesttask.service.FileProcessorServiceTest]: no resource found for suffixes {-context.xml, Context.groovy}.
00:15:53.843 [main] INFO org.springframework.test.context.support.AnnotationConfigContextLoaderUtils - Could not detect default configuration classes for test class [com.example.sitatesttask.service.FileProcessorServiceTest]: FileProcessorServiceTest does not declare any static, non-private, non-final, nested classes annotated with @Configuration.
00:15:53.907 [main] DEBUG org.springframework.test.context.support.ActiveProfilesUtils - Could not find an 'annotation declaring class' for annotation type [org.springframework.test.context.ActiveProfiles] and class [com.example.sitatesttask.service.FileProcessorServiceTest]
00:15:54.050 [main] DEBUG org.springframework.context.annotation.ClassPathScanningCandidateComponentProvider - Identified candidate component class: file [E:\SITA_TEST_TASK\target\classes\com\example\sitatesttask\SitaTestTaskApplication.class]
00:15:54.050 [main] INFO org.springframework.boot.test.context.SpringBootTestContextBootstrapper - Found @SpringBootConfiguration com.example.sitatesttask.SitaTestTaskApplication for test class com.example.sitatesttask.service.FileProcessorServiceTest
00:15:54.181 [main] DEBUG org.springframework.boot.test.context.SpringBootTestContextBootstrapper - @TestExecutionListeners is not present for class [com.example.sitatesttask.service.FileProcessorServiceTest]: using defaults.
00:15:54.181 [main] INFO org.springframework.boot.test.context.SpringBootTestContextBootstrapper - Loaded default TestExecutionListener class names from location [META-INF/spring.factories]: [org.springframework.boot.test.mock.mockito.MockitoTestExecutionListener, org.springframework.boot.test.mock.mockito.ResetMocksTestExecutionListener, org.springframework.boot.test.autoconfigure.restdocs.RestDocsTestExecutionListener, org.springframework.boot.test.autoconfigure.web.client.MockRestServiceServerResetTestExecutionListener, org.springframework.boot.test.autoconfigure.web.servlet.MockMvcPrintOnlyOnFailureTestExecutionListener, org.springframework.boot.test.autoconfigure.web.servlet.WebDriverTestExecutionListener, org.springframework.boot.test.autoconfigure.webservices.client.MockWebServiceServerTestExecutionListener, org.springframework.test.context.web.ServletTestExecutionListener, org.springframework.test.context.support.DirtiesContextBeforeModesTestExecutionListener, org.springframework.test.context.event.ApplicationEventsTestExecutionListener, org.springframework.test.context.support.DependencyInjectionTestExecutionListener, org.springframework.test.context.support.DirtiesContextTestExecutionListener, org.springframework.test.context.transaction.TransactionalTestExecutionListener, org.springframework.test.context.jdbc.SqlScriptsTestExecutionListener, org.springframework.test.context.event.EventPublishingTestExecutionListener]
00:15:54.193 [main] DEBUG org.springframework.boot.test.context.SpringBootTestContextBootstrapper - Skipping candidate TestExecutionListener [org.springframework.test.context.web.ServletTestExecutionListener] due to a missing dependency. Specify custom listener classes or make the default listener classes and their required dependencies available. Offending class: [javax/servlet/ServletContext]
00:15:54.200 [main] INFO org.springframework.boot.test.context.SpringBootTestContextBootstrapper - Using TestExecutionListeners: [org.springframework.test.context.support.DirtiesContextBeforeModesTestExecutionListener@63eef88a, org.springframework.test.context.event.ApplicationEventsTestExecutionListener@53251a66, org.springframework.boot.test.mock.mockito.MockitoTestExecutionListener@6853425f, org.springframework.boot.test.autoconfigure.SpringBootDependencyInjectionTestExecutionListener@352c1b98, org.springframework.test.context.support.DirtiesContextTestExecutionListener@21129f1f, org.springframework.test.context.transaction.TransactionalTestExecutionListener@5a9f4771, org.springframework.test.context.jdbc.SqlScriptsTestExecutionListener@282cb7c7, org.springframework.test.context.event.EventPublishingTestExecutionListener@7d898981, org.springframework.boot.test.mock.mockito.ResetMocksTestExecutionListener@48d61b48, org.springframework.boot.test.autoconfigure.restdocs.RestDocsTestExecutionListener@68d279ec, org.springframework.boot.test.autoconfigure.web.client.MockRestServiceServerResetTestExecutionListener@258d79be, org.springframework.boot.test.autoconfigure.web.servlet.MockMvcPrintOnlyOnFailureTestExecutionListener@14f9390f, org.springframework.boot.test.autoconfigure.web.servlet.WebDriverTestExecutionListener@6c0d7c83, org.springframework.boot.test.autoconfigure.webservices.client.MockWebServiceServerTestExecutionListener@176b75f7]
00:15:54.206 [main] DEBUG org.springframework.test.context.support.AbstractDirtiesContextTestExecutionListener - Before test class: context [DefaultTestContext@571c5681 testClass = FileProcessorServiceTest, testInstance = [null], testMethod = [null], testException = [null], mergedContextConfiguration = [MergedContextConfiguration@488d1cd7 testClass = FileProcessorServiceTest, locations = '{}', classes = '{class com.example.sitatesttask.SitaTestTaskApplication}', contextInitializerClasses = '[]', activeProfiles = '{}', propertySourceLocations = '{}', propertySourceProperties = '{org.springframework.boot.test.context.SpringBootTestContextBootstrapper=true}', contextCustomizers = set[org.springframework.boot.test.context.filter.ExcludeFilterContextCustomizer@13b13b5d, org.springframework.boot.test.json.DuplicateJsonObjectContextCustomizerFactory$DuplicateJsonObjectContextCustomizer@29647f75, org.springframework.boot.test.mock.mockito.MockitoContextCustomizer@0, org.springframework.boot.test.web.client.TestRestTemplateContextCustomizer@73ee04c8, org.springframework.boot.test.autoconfigure.actuate.metrics.MetricsExportContextCustomizerFactory$DisableMetricExportContextCustomizer@346d61be, org.springframework.boot.test.autoconfigure.properties.PropertyMappingContextCustomizer@0, org.springframework.boot.test.autoconfigure.web.servlet.WebDriverContextCustomizerFactory$Customizer@66498326, org.springframework.boot.test.context.SpringBootTestArgs@1, org.springframework.boot.test.context.SpringBootTestWebEnvironment@7f13d6e], contextLoader = 'org.springframework.boot.test.context.SpringBootContextLoader', parent = [null]], attributes = map[[empty]]], class annotated with @DirtiesContext [false] with mode [null].
00:15:54.219 [main] DEBUG org.springframework.test.context.support.DependencyInjectionTestExecutionListener - Performing dependency injection for test context [[DefaultTestContext@571c5681 testClass = FileProcessorServiceTest, testInstance = com.example.sitatesttask.service.FileProcessorServiceTest@3688eb5b, testMethod = [null], testException = [null], mergedContextConfiguration = [MergedContextConfiguration@488d1cd7 testClass = FileProcessorServiceTest, locations = '{}', classes = '{class com.example.sitatesttask.SitaTestTaskApplication}', contextInitializerClasses = '[]', activeProfiles = '{}', propertySourceLocations = '{}', propertySourceProperties = '{org.springframework.boot.test.context.SpringBootTestContextBootstrapper=true}', contextCustomizers = set[org.springframework.boot.test.context.filter.ExcludeFilterContextCustomizer@13b13b5d, org.springframework.boot.test.json.DuplicateJsonObjectContextCustomizerFactory$DuplicateJsonObjectContextCustomizer@29647f75, org.springframework.boot.test.mock.mockito.MockitoContextCustomizer@0, org.springframework.boot.test.web.client.TestRestTemplateContextCustomizer@73ee04c8, org.springframework.boot.test.autoconfigure.actuate.metrics.MetricsExportContextCustomizerFactory$DisableMetricExportContextCustomizer@346d61be, org.springframework.boot.test.autoconfigure.properties.PropertyMappingContextCustomizer@0, org.springframework.boot.test.autoconfigure.web.servlet.WebDriverContextCustomizerFactory$Customizer@66498326, org.springframework.boot.test.context.SpringBootTestArgs@1, org.springframework.boot.test.context.SpringBootTestWebEnvironment@7f13d6e], contextLoader = 'org.springframework.boot.test.context.SpringBootContextLoader', parent = [null]], attributes = map['org.springframework.test.context.event.ApplicationEventsTestExecutionListener.recordApplicationEvents' -> false]]].
00:15:54.240 [main] DEBUG org.springframework.test.context.support.TestPropertySourceUtils - Adding inlined properties to environment: {spring.jmx.enabled=false, org.springframework.boot.test.context.SpringBootTestContextBootstrapper=true}

  .   ____          _            __ _ _
 /\\ / ___'_ __ _ _(_)_ __  __ _ \ \ \ \
( ( )\___ | '_ | '_| | '_ \/ _` | \ \ \ \
 \\/  ___)| |_)| | | | | || (_| |  ) ) ) )
  '  |____| .__|_| |_|_| |_\__, | / / / /
 =========|_|==============|___/=/_/_/_/
 :: Spring Boot ::                (v2.5.4)

2024-05-24 00:15:54 INFO  c.e.s.s.FileProcessorServiceTest - Starting FileProcessorServiceTest using Java 17.0.11 on roy with PID 16400 (started by hp in E:\SITA_TEST_TASK)
2024-05-24 00:15:54 INFO  c.e.s.s.FileProcessorServiceTest - No active profile set, falling back to default profiles: default
2024-05-24 00:15:55 INFO  o.s.i.c.DefaultConfiguringBeanFactoryPostProcessor - No bean named 'errorChannel' has been explicitly defined. Therefore, a default PublishSubscribeChannel will be created.
2024-05-24 00:15:55 INFO  o.s.i.c.DefaultConfiguringBeanFactoryPostProcessor - No bean named 'integrationHeaderChannelRegistry' has been explicitly defined. Therefore, a default DefaultHeaderChannelRegistry will be created.
2024-05-24 00:15:55 INFO  o.s.c.s.PostProcessorRegistrationDelegate$BeanPostProcessorChecker - Bean 'integrationChannelResolver' of type [org.springframework.integration.support.channel.BeanFactoryChannelResolver] is not eligible for getting processed by all BeanPostProcessors (for example: not eligible for auto-proxying)
2024-05-24 00:15:55 INFO  o.s.c.s.PostProcessorRegistrationDelegate$BeanPostProcessorChecker - Bean 'integrationDisposableAutoCreatedBeans' of type [org.springframework.integration.config.annotation.Disposables] is not eligible for getting processed by all BeanPostProcessors (for example: not eligible for auto-proxying)
2024-05-24 00:15:55 INFO  o.s.c.s.PostProcessorRegistrationDelegate$BeanPostProcessorChecker - Bean 'org.springframework.integration.config.IntegrationManagementConfiguration' of type [org.springframework.integration.config.IntegrationManagementConfiguration] is not eligible for getting processed by all BeanPostProcessors (for example: not eligible for auto-proxying)
2024-05-24 00:15:56 INFO  o.s.i.endpoint.EventDrivenConsumer - Adding {logging-channel-adapter:_org.springframework.integration.errorLogger} as a subscriber to the 'errorChannel' channel
2024-05-24 00:15:56 INFO  o.s.i.c.PublishSubscribeChannel - Channel 'application.errorChannel' has 1 subscriber(s).
2024-05-24 00:15:56 INFO  o.s.i.endpoint.EventDrivenConsumer - started bean '_org.springframework.integration.errorLogger'
2024-05-24 00:15:56 INFO  o.s.i.endpoint.EventDrivenConsumer - Adding {transformer} as a subscriber to the 'fileIntegrationFlow.channel#0' channel
2024-05-24 00:15:56 INFO  o.s.i.channel.DirectChannel - Channel 'application.fileIntegrationFlow.channel#0' has 1 subscriber(s).
2024-05-24 00:15:56 INFO  o.s.i.endpoint.EventDrivenConsumer - started bean 'fileIntegrationFlow.org.springframework.integration.config.ConsumerEndpointFactoryBean#0'; defined in: 'class path resource [com/example/sitatesttask/config/IntegrationConfig.class]'; from source: 'bean method fileIntegrationFlow'
2024-05-24 00:15:56 INFO  o.s.i.endpoint.EventDrivenConsumer - Adding {service-activator} as a subscriber to the 'fileIntegrationFlow.channel#1' channel
2024-05-24 00:15:56 INFO  o.s.i.channel.DirectChannel - Channel 'application.fileIntegrationFlow.channel#1' has 1 subscriber(s).
2024-05-24 00:15:56 INFO  o.s.i.endpoint.EventDrivenConsumer - started bean 'fileIntegrationFlow.org.springframework.integration.config.ConsumerEndpointFactoryBean#1'; defined in: 'class path resource [com/example/sitatesttask/config/IntegrationConfig.class]'; from source: 'bean method fileIntegrationFlow'
2024-05-24 00:15:56 INFO  o.s.i.endpoint.EventDrivenConsumer - Adding {file:outbound-channel-adapter:integrationConfig.fileWritingMessageHandler.serviceActivator} as a subscriber to the 'fileOutputChannel' channel
2024-05-24 00:15:56 INFO  o.s.i.channel.DirectChannel - Channel 'application.fileOutputChannel' has 1 subscriber(s).
2024-05-24 00:15:56 INFO  o.s.i.endpoint.EventDrivenConsumer - started bean 'integrationConfig.fileWritingMessageHandler.serviceActivator'
2024-05-24 00:15:56 INFO  o.s.i.e.SourcePollingChannelAdapter - started bean 'fileIntegrationFlow.org.springframework.integration.config.SourcePollingChannelAdapterFactoryBean#0'; defined in: 'class path resource [com/example/sitatesttask/config/IntegrationConfig.class]'; from source: 'bean method fileIntegrationFlow'
2024-05-24 00:15:56 INFO  c.e.s.s.FileProcessorServiceTest - Started FileProcessorServiceTest in 1.984 seconds (JVM running for 3.433)
]]></system-out>
  </testcase>
</testsuite>